<?xml version="1.0" encoding="UTF-8"?>
<!-- Generated by org.testng.reporters.JUnitReportReporter -->
<testsuite hostname="DESKTOP-H75GT5C" failures="0" tests="4" name="basic1.HTTPRequests" time="3.849" errors="0" timestamp="2025-04-09T13:41:10 IST" skipped="0">
  <testcase classname="basic1.HTTPRequests" name="getUser" time="2.080"/>
  <testcase classname="basic1.HTTPRequests" name="createUser" time="0.990"/>
  <testcase classname="basic1.HTTPRequests" name="updateUser" time="0.402"/>
  <testcase classname="basic1.HTTPRequests" name="deleteUser" time="0.377"/>
</testsuite> <!-- basic1.HTTPRequests -->
