<?xml version="1.0" encoding="UTF-8"?>
<!-- Generated by org.testng.reporters.JUnitReportReporter -->
<testsuite hostname="DESKTOP-H75GT5C" failures="0" tests="4" name="apiAutomation.HTTPRequests" time="4.232" errors="0" timestamp="2025-04-10T09:10:22 IST" skipped="0">
  <testcase classname="apiAutomation.HTTPRequests" name="getUser" time="2.676"/>
  <testcase classname="apiAutomation.HTTPRequests" name="createUser" time="0.513"/>
  <testcase classname="apiAutomation.HTTPRequests" name="updateUser" time="0.644"/>
  <testcase classname="apiAutomation.HTTPRequests" name="deleteUser" time="0.399"/>
</testsuite> <!-- apiAutomation.HTTPRequests -->
