<?xml version="1.0" encoding="UTF-8"?>
<!-- Generated by org.testng.reporters.JUnitReportReporter -->
<testsuite hostname="DESKTOP-H75GT5C" failures="0" tests="1" name="basic.TestHeaders" time="2.026" errors="0" timestamp="2025-04-10T11:39:51 IST" skipped="0">
  <testcase classname="basic.TestHeaders" name="testCookies" time="2.026"/>
</testsuite> <!-- basic.TestHeaders -->
