<?xml version="1.0" encoding="UTF-8"?>
<!-- Generated by org.testng.reporters.JUnitReportReporter -->
<testsuite hostname="DESKTOP-H75GT5C" failures="0" tests="2" name="basic.CreatePostRequestBody" time="2.333" errors="0" timestamp="2025-04-09T17:20:12 IST" skipped="1">
  <testcase classname="basic.CreatePostRequestBody" name="testPostUsingExtFile" time="2.333"/>
  <testcase classname="basic.CreatePostRequestBody" name="testPostUsingHashmap">
    <skipped/>
  </testcase> <!-- testPostUsingHashmap -->
</testsuite> <!-- basic.CreatePostRequestBody -->
