<?xml version="1.0" encoding="UTF-8"?>
<!-- Generated by org.testng.reporters.JUnitReportReporter -->
<testsuite hostname="DESKTOP-H75GT5C" failures="0" tests="4" name="basic.HTTPRequests" time="6.771" errors="0" timestamp="2025-04-10T15:17:23 IST" skipped="0">
  <testcase classname="basic.HTTPRequests" name="getUser" time="5.610"/>
  <testcase classname="basic.HTTPRequests" name="createUser" time="0.414"/>
  <testcase classname="basic.HTTPRequests" name="updateUser" time="0.367"/>
  <testcase classname="basic.HTTPRequests" name="deleteUser" time="0.380"/>
</testsuite> <!-- basic.HTTPRequests -->
