<?xml version="1.0" encoding="UTF-8"?>
<!-- Generated by org.testng.reporters.JUnitReportReporter -->
<testsuite hostname="DESKTOP-H75GT5C" failures="0" tests="5" name="basic.CreatePostRequestBody" time="4.235" errors="0" timestamp="2025-04-10T09:11:02 IST" skipped="1">
  <testcase classname="basic.CreatePostRequestBody" name="testPostUsingPojo" time="0.698"/>
  <testcase classname="basic.CreatePostRequestBody" name="testPostUsingOrgJson" time="0.808"/>
  <testcase classname="basic.CreatePostRequestBody" name="testPostUsingExtFile" time="2.186"/>
  <testcase classname="basic.CreatePostRequestBody" name="testDelete" time="0.543"/>
  <testcase classname="basic.CreatePostRequestBody" name="testPostUsingHashmap">
    <skipped/>
  </testcase> <!-- testPostUsingHashmap -->
</testsuite> <!-- basic.CreatePostRequestBody -->
