<?xml version="1.0" encoding="UTF-8"?>
<!-- Generated by org.testng.reporters.JUnitReportReporter -->
<testsuite hostname="DESKTOP-H75GT5C" failures="0" tests="1" name="basic.Logging" time="2.359" errors="0" timestamp="2025-04-10T11:48:12 IST" skipped="0">
  <testcase classname="basic.Logging" name="testCookie" time="2.359"/>
</testsuite> <!-- basic.Logging -->
