<?xml version="1.0" encoding="UTF-8"?>
<!-- Generated by org.testng.reporters.JUnitReportReporter -->
<testsuite hostname="DESKTOP-H75GT5C" failures="0" tests="3" name="authentication.AuthenticationTypes" time="5.778" errors="0" timestamp="2025-04-14T15:28:39 IST" skipped="0">
  <testcase classname="authentication.AuthenticationTypes" name="testBasicAuthentication" time="3.299"/>
  <testcase classname="authentication.AuthenticationTypes" name="testDigestAuthentication" time="1.310"/>
  <testcase classname="authentication.AuthenticationTypes" name="testPreemptiveAuthentication" time="1.169"/>
</testsuite> <!-- authentication.AuthenticationTypes -->
