<?xml version="1.0" encoding="UTF-8"?>
<!-- Generated by org.testng.reporters.JUnitReportReporter -->
<testsuite hostname="DESKTOP-H75GT5C" failures="0" tests="1" name="basic.PathAndQueryParameters" time="1.461" errors="0" timestamp="2025-04-10T16:04:03 IST" skipped="0">
  <testcase classname="basic.PathAndQueryParameters" name="testQueryAndPathParameters" time="1.461"/>
</testsuite> <!-- basic.PathAndQueryParameters -->
