<?xml version="1.0" encoding="UTF-8"?>
<!-- Generated by org.testng.reporters.JUnitReportReporter -->
<testsuite hostname="DESKTOP-H75GT5C" failures="0" tests="1" name="serializationDeserialization.Deserialization" time="0.187" errors="0" timestamp="2025-04-14T15:01:22 IST" skipped="0">
  <testcase classname="serializationDeserialization.Deserialization" name="convertJson2Pojo" time="0.187"/>
</testsuite> <!-- serializationDeserialization.Deserialization -->
