<?xml version="1.0" encoding="UTF-8"?>
<!-- Generated by org.testng.reporters.JUnitReportReporter -->
<testsuite hostname="DESKTOP-H75GT5C" failures="0" tests="2" name="basic.TestCookies" time="1.994" errors="0" timestamp="2025-04-10T14:29:25 IST" skipped="1">
  <testcase classname="basic.TestCookies" name="getCookiesInfo" time="1.994"/>
  <testcase classname="basic.TestCookies" name="testCookie">
    <skipped/>
  </testcase> <!-- testCookie -->
</testsuite> <!-- basic.TestCookies -->
