<?xml version="1.0" encoding="UTF-8"?>
<!-- Generated by org.testng.reporters.JUnitReportReporter -->
<testsuite hostname="DESKTOP-H75GT5C" failures="0" tests="4" name="basic.HTTPRequests" time="3.144" errors="0" timestamp="2025-04-09T15:28:09 IST" skipped="0">
  <testcase classname="basic.HTTPRequests" name="getUser" time="1.926"/>
  <testcase classname="basic.HTTPRequests" name="createUser" time="0.454"/>
  <testcase classname="basic.HTTPRequests" name="updateUser" time="0.382"/>
  <testcase classname="basic.HTTPRequests" name="deleteUser" time="0.382"/>
</testsuite> <!-- basic.HTTPRequests -->
