<?xml version="1.0" encoding="UTF-8"?>
<!-- Generated by org.testng.reporters.JUnitReportReporter -->
<testsuite hostname="DESKTOP-H75GT5C" failures="0" tests="1" name="serializationDeserialization.Serialization" time="0.177" errors="0" timestamp="2025-04-14T15:01:03 IST" skipped="0">
  <testcase classname="serializationDeserialization.Serialization" name="convertPojoToJson" time="0.177"/>
</testsuite> <!-- serializationDeserialization.Serialization -->
