<?xml version="1.0" encoding="UTF-8"?>
<!-- Generated by org.testng.reporters.JUnitReportReporter -->
<testsuite hostname="DESKTOP-H75GT5C" failures="0" tests="1" name="apiChaining.CreateUser" time="3.595" errors="0" timestamp="2025-04-16T11:06:23 IST" skipped="0">
  <testcase classname="apiChaining.CreateUser" name="test_createUser" time="3.595"/>
</testsuite> <!-- apiChaining.CreateUser -->
