<?xml version="1.0" encoding="UTF-8"?>
<!-- Generated by org.testng.reporters.JUnitReportReporter -->
<testsuite hostname="DESKTOP-H75GT5C" failures="0" tests="1" name="apiEndpoints.UserTests" time="2.693" errors="0" timestamp="2025-04-16T16:10:27 IST" skipped="0">
  <testcase classname="apiEndpoints.UserTests" name="testPostUser" time="2.693"/>
</testsuite> <!-- apiEndpoints.UserTests -->
